-------------------------------------------------------------------------------
Test set: TestRunner.TestNGTestRunner
-------------------------------------------------------------------------------
Tests run: 3, Failures: 1, Errors: 0, Skipped: 0, Time elapsed: 17.47 s <<< FAILURE! - in TestRunner.TestNGTestRunner
runScenario(TestRunner.TestNGTestRunner)  Time elapsed: 10.555 s  <<< FAILURE!
java.lang.AssertionError: expected [No data] but found [Beetroot]

