<?xml version="1.0" encoding="UTF-8"?>
<testng-results ignored="0" total="3" passed="2" failed="1" skipped="0">
  <reporter-output>
  </reporter-output>
  <suite started-at="2024-07-20T15:00:04 IST" name="Surefire suite" finished-at="2024-07-20T15:00:20 IST" duration-ms="16073">
    <groups>
      <group name="cucumber">
        <method signature="AbstractTestNGCucumberTests.runScenario(io.cucumber.testng.PickleWrapper,io.cucumber.testng.FeatureWrapper)[pri:0, instance:TestRunner.TestNGTestRunner@4803b726]" name="runScenario" class="io.cucumber.testng.AbstractTestNGCucumberTests"/>
      </group> <!-- cucumber -->
    </groups>
    <test started-at="2024-07-20T15:00:04 IST" name="Surefire test" finished-at="2024-07-20T15:00:20 IST" duration-ms="16073">
      <class name="TestRunner.TestNGTestRunner">
        <test-method is-config="true" signature="setUpClass(org.testng.ITestContext)[pri:0, instance:TestRunner.TestNGTestRunner@4803b726]" started-at="2024-07-20T15:00:04 IST" name="setUpClass" finished-at="2024-07-20T15:00:04 IST" duration-ms="342" status="PASS">
          <params>
            <param index="0">
              <value>
                <![CDATA[org.testng.TestRunner@69653e16]]>
              </value>
            </param>
          </params>
          <reporter-output>
          </reporter-output>
        </test-method> <!-- setUpClass -->
        <test-method signature="runScenario(io.cucumber.testng.PickleWrapper,io.cucumber.testng.FeatureWrapper)[pri:0, instance:TestRunner.TestNGTestRunner@4803b726]" started-at="2024-07-20T15:00:04 IST" name="runScenario" description="Runs Cucumber Scenarios" data-provider="scenarios" finished-at="2024-07-20T15:00:20 IST" duration-ms="15673" status="PASS">
          <params>
            <param index="0">
              <value>
                <![CDATA["Verify that the user can add product to the cart and place the order successfully"]]>
              </value>
            </param>
            <param index="1">
              <value>
                <![CDATA["Search, add it the cart and palce the order"]]>
              </value>
            </param>
          </params>
          <reporter-output>
          </reporter-output>
        </test-method> <!-- runScenario -->
        <test-method signature="runScenario(io.cucumber.testng.PickleWrapper,io.cucumber.testng.FeatureWrapper)[pri:0, instance:TestRunner.TestNGTestRunner@4803b726]" started-at="2024-07-20T15:00:04 IST" name="runScenario" description="Runs Cucumber Scenarios" data-provider="scenarios" finished-at="2024-07-20T15:00:15 IST" duration-ms="11129" status="PASS">
          <params>
            <param index="0">
              <value>
                <![CDATA["validate the search experience in both home page and offer page"]]>
              </value>
            </param>
            <param index="1">
              <value>
                <![CDATA["search and place the order for the product"]]>
              </value>
            </param>
          </params>
          <reporter-output>
          </reporter-output>
        </test-method> <!-- runScenario -->
        <test-method signature="runScenario(io.cucumber.testng.PickleWrapper,io.cucumber.testng.FeatureWrapper)[pri:0, instance:TestRunner.TestNGTestRunner@4803b726]" started-at="2024-07-20T15:00:04 IST" name="runScenario" description="Runs Cucumber Scenarios" data-provider="scenarios" finished-at="2024-07-20T15:00:15 IST" duration-ms="10539" status="FAIL">
          <params>
            <param index="0">
              <value>
                <![CDATA["validate the search experience in both home page and offer page"]]>
              </value>
            </param>
            <param index="1">
              <value>
                <![CDATA["search and place the order for the product"]]>
              </value>
            </param>
          </params>
          <exception class="java.lang.AssertionError">
            <message>
              <![CDATA[expected [No data] but found [Beetroot]]]>
            </message>
            <full-stacktrace>
              <![CDATA[java.lang.AssertionError: expected [No data] but found [Beetroot]
at org.testng.Assert.fail(Assert.java:111)
at org.testng.Assert.failNotEquals(Assert.java:1578)
at org.testng.Assert.assertEqualsImpl(Assert.java:150)
at org.testng.Assert.assertEquals(Assert.java:132)
at org.testng.Assert.assertEquals(Assert.java:656)
at org.testng.Assert.assertEquals(Assert.java:666)
at StepDefinition.OfferPageStepDefinition.user_search_same_product_with_shortname_in_the_offer_page_to_check_if_product_exist(OfferPageStepDefinition.java:27)
at âœ½.user search same product with shortname Beet in the offer page to check if product exist(file:///C:/Users/LENOVO/eclipse-workspace/LatestCucumberFramework/src/test/java/Features/searchProduct.feature:6)
]]>
            </full-stacktrace>
          </exception> <!-- java.lang.AssertionError -->
          <reporter-output>
          </reporter-output>
        </test-method> <!-- runScenario -->
        <test-method is-config="true" signature="tearDownClass()[pri:0, instance:TestRunner.TestNGTestRunner@4803b726]" started-at="2024-07-20T15:00:20 IST" name="tearDownClass" finished-at="2024-07-20T15:00:20 IST" duration-ms="4" status="PASS">
          <reporter-output>
          </reporter-output>
        </test-method> <!-- tearDownClass -->
      </class> <!-- TestRunner.TestNGTestRunner -->
    </test> <!-- Surefire test -->
  </suite> <!-- Surefire suite -->
</testng-results>
